{"timestamp":"2025-07-20T21:59:23.603765","level":"info","event":"DAG bundles loaded: dags-folder, example_dags","logger":"airflow.dag_processing.bundles.manager.DagBundlesManager"}
{"timestamp":"2025-07-20T21:59:23.604884","level":"info","event":"Filling up the DagBag from /opt/airflow/dags/weather_etl_dag.py","logger":"airflow.models.dagbag.DagBag"}
{"timestamp":"2025-07-20T21:59:23.638450Z","level":"info","event":"Task instance is in running state","chan":"stdout","logger":"task"}
{"timestamp":"2025-07-20T21:59:23.639016Z","level":"info","event":" Previous state of the Task instance: TaskInstanceState.QUEUED","chan":"stdout","logger":"task"}
{"timestamp":"2025-07-20T21:59:23.639346Z","level":"info","event":"Current task name:extract_weather_data","chan":"stdout","logger":"task"}
{"timestamp":"2025-07-20T21:59:23.639583Z","level":"info","event":"Dag name:weather_etl_pipeline","chan":"stdout","logger":"task"}
{"timestamp":"2025-07-20T22:00:03.947214Z","level":"info","event":"Dropped and recreated staging.weather_data table.","chan":"stdout","logger":"task"}
{"timestamp":"2025-07-20T22:00:03.947699Z","level":"info","event":"Loaded 192 cities for country EG.","chan":"stdout","logger":"task"}
{"timestamp":"2025-07-20T22:00:03.948128Z","level":"info","event":"API status code for Zefta: 200","chan":"stdout","logger":"task"}
{"timestamp":"2025-07-20T22:00:03.948406Z","level":"info","event":"API status code for Wasit: 200","chan":"stdout","logger":"task"}
{"timestamp":"2025-07-20T22:00:03.948597Z","level":"info","event":"API status code for Toukh: 200","chan":"stdout","logger":"task"}
{"timestamp":"2025-07-20T22:00:03.948808Z","level":"info","event":"API status code for Tanda: 200","chan":"stdout","logger":"task"}
{"timestamp":"2025-07-20T22:00:03.949025Z","level":"info","event":"API status code for Ţāmiyah: 200","chan":"stdout","logger":"task"}
{"timestamp":"2025-07-20T22:00:03.949250Z","level":"info","event":"API status code for Ţalkhā: 200","chan":"stdout","logger":"task"}
{"timestamp":"2025-07-20T22:00:03.949422Z","level":"info","event":"API status code for Talā: 200","chan":"stdout","logger":"task"}
{"timestamp":"2025-07-20T22:00:03.949606Z","level":"info","event":"API status code for Ţahţā: 200","chan":"stdout","logger":"task"}
{"timestamp":"2025-07-20T22:00:03.949775Z","level":"info","event":"API status code for Sumusţā as Sulţānī: 200","chan":"stdout","logger":"task"}
{"timestamp":"2025-07-20T22:00:03.949955Z","level":"info","event":"API status code for Muḩāfaz̧at Sūhāj: 200","chan":"stdout","logger":"task"}
{"timestamp":"2025-07-20T22:00:03.950143Z","level":"info","event":"API status code for Sohag: 200","chan":"stdout","logger":"task"}
{"timestamp":"2025-07-20T22:00:03.950417Z","level":"info","event":"API status code for Siwa Oasis: 200","chan":"stdout","logger":"task"}
{"timestamp":"2025-07-20T22:00:03.950674Z","level":"info","event":"API status code for Sīdī Sālim: 200","chan":"stdout","logger":"task"}
{"timestamp":"2025-07-20T22:00:03.950920Z","level":"info","event":"API status code for Shirbīn: 200","chan":"stdout","logger":"task"}
{"timestamp":"2025-07-20T22:00:03.951240Z","level":"info","event":"API status code for Shibīn al Qanāṭir: 200","chan":"stdout","logger":"task"}
{"timestamp":"2025-07-20T22:00:03.951531Z","level":"info","event":"API status code for Shibīn al Kawm: 200","chan":"stdout","logger":"task"}
{"timestamp":"2025-07-20T22:00:03.951772Z","level":"info","event":"API status code for Sharm el-Sheikh: 200","chan":"stdout","logger":"task"}
{"timestamp":"2025-07-20T22:00:03.952017Z","level":"info","event":"API status code for Muḩāfaz̧at Shamāl Sīnā’: 200","chan":"stdout","logger":"task"}
{"timestamp":"2025-07-20T22:00:03.952302Z","level":"info","event":"API status code for Sarābiyūm: 200","chan":"stdout","logger":"task"}
{"timestamp":"2025-07-20T22:00:03.952526Z","level":"info","event":"API status code for Samannūd: 200","chan":"stdout","logger":"task"}
{"timestamp":"2025-07-20T22:00:03.952792Z","level":"info","event":"API status code for Samālūţ: 200","chan":"stdout","logger":"task"}
{"timestamp":"2025-07-20T22:00:03.953065Z","level":"info","event":"API status code for Sāḩil Ţahţā: 200","chan":"stdout","logger":"task"}
{"timestamp":"2025-07-20T22:00:03.953307Z","level":"info","event":"API status code for Rosetta: 200","chan":"stdout","logger":"task"}
{"timestamp":"2025-07-20T22:00:03.953602Z","level":"info","event":"API status code for Quwaysinā: 200","chan":"stdout","logger":"task"}
{"timestamp":"2025-07-20T22:00:03.953826Z","level":"info","event":"API status code for Quţūr: 200","chan":"stdout","logger":"task"}
{"timestamp":"2025-07-20T22:00:03.954055Z","level":"info","event":"Failed to insert data into Snowflake: 002003 (42S02): SQL compilation error:","chan":"stdout","logger":"task"}
{"timestamp":"2025-07-20T22:00:03.954240Z","level":"info","event":"Table 'WEATHER_DB.STAGING.WEATHER_DATA' does not exist or not authorized.","chan":"stdout","logger":"task"}
{"timestamp":"2025-07-20T22:00:04.288121","level":"info","event":"Done. Returned value was: None","logger":"airflow.task.operators.airflow.providers.standard.operators.python.PythonOperator"}
{"timestamp":"2025-07-20T22:00:04.307123Z","level":"info","event":"Task instance in success state","chan":"stdout","logger":"task"}
{"timestamp":"2025-07-20T22:00:04.307750Z","level":"info","event":" Previous state of the Task instance: TaskInstanceState.RUNNING","chan":"stdout","logger":"task"}
{"timestamp":"2025-07-20T22:00:04.308154Z","level":"info","event":"Task operator:<Task(PythonOperator): extract_weather_data>","chan":"stdout","logger":"task"}
