{"timestamp":"2025-07-21T14:00:03.226557","level":"info","event":"DAG bundles loaded: dags-folder, example_dags","logger":"airflow.dag_processing.bundles.manager.DagBundlesManager"}
{"timestamp":"2025-07-21T14:00:03.228397","level":"info","event":"Filling up the DagBag from /opt/airflow/dags/weather_etl_dag.py","logger":"airflow.models.dagbag.DagBag"}
{"timestamp":"2025-07-21T14:00:03.328509Z","level":"info","event":"Task instance is in running state","chan":"stdout","logger":"task"}
{"timestamp":"2025-07-21T14:00:03.329416Z","level":"info","event":" Previous state of the Task instance: TaskInstanceState.QUEUED","chan":"stdout","logger":"task"}
{"timestamp":"2025-07-21T14:00:03.330076Z","level":"info","event":"Current task name:extract_weather_data","chan":"stdout","logger":"task"}
{"timestamp":"2025-07-21T14:00:03.330616Z","level":"info","event":"Dag name:weather_etl_pipeline","chan":"stdout","logger":"task"}
{"timestamp":"2025-07-21T14:10:26.087815Z","level":"info","event":"Dropped and recreated staging.weather_data table.","chan":"stdout","logger":"task"}
{"timestamp":"2025-07-21T14:10:26.116439Z","level":"info","event":"Loaded 192 cities for country EG.","chan":"stdout","logger":"task"}
{"timestamp":"2025-07-21T14:10:26.117604Z","level":"info","event":"API status code for Zefta: 200","chan":"stdout","logger":"task"}
{"timestamp":"2025-07-21T14:10:26.118141Z","level":"info","event":"API status code for Wasit: 200","chan":"stdout","logger":"task"}
{"timestamp":"2025-07-21T14:10:26.118700Z","level":"info","event":"API status code for Toukh: 200","chan":"stdout","logger":"task"}
{"timestamp":"2025-07-21T14:10:26.119302Z","level":"info","event":"API status code for Tanda: 200","chan":"stdout","logger":"task"}
{"timestamp":"2025-07-21T14:10:26.119733Z","level":"info","event":"API status code for Ţāmiyah: 200","chan":"stdout","logger":"task"}
{"timestamp":"2025-07-21T14:10:26.120278Z","level":"info","event":"API status code for Ţalkhā: 200","chan":"stdout","logger":"task"}
{"timestamp":"2025-07-21T14:10:26.120749Z","level":"info","event":"API status code for Talā: 200","chan":"stdout","logger":"task"}
{"timestamp":"2025-07-21T14:10:26.122576Z","level":"info","event":"API status code for Ţahţā: 200","chan":"stdout","logger":"task"}
{"timestamp":"2025-07-21T14:10:26.123510Z","level":"info","event":"API status code for Sumusţā as Sulţānī: 200","chan":"stdout","logger":"task"}
{"timestamp":"2025-07-21T14:10:26.124093Z","level":"info","event":"API status code for Muḩāfaz̧at Sūhāj: 200","chan":"stdout","logger":"task"}
{"timestamp":"2025-07-21T14:10:26.124710Z","level":"info","event":"API status code for Sohag: 200","chan":"stdout","logger":"task"}
{"timestamp":"2025-07-21T14:10:26.125150Z","level":"info","event":"API status code for Siwa Oasis: 200","chan":"stdout","logger":"task"}
{"timestamp":"2025-07-21T14:10:26.125684Z","level":"info","event":"API status code for Sīdī Sālim: 200","chan":"stdout","logger":"task"}
{"timestamp":"2025-07-21T14:10:26.126151Z","level":"info","event":"API status code for Shirbīn: 200","chan":"stdout","logger":"task"}
{"timestamp":"2025-07-21T14:10:26.126957Z","level":"info","event":"API status code for Shibīn al Qanāṭir: 200","chan":"stdout","logger":"task"}
{"timestamp":"2025-07-21T14:10:26.127366Z","level":"info","event":"API status code for Shibīn al Kawm: 200","chan":"stdout","logger":"task"}
{"timestamp":"2025-07-21T14:10:26.128548Z","level":"info","event":"API status code for Sharm el-Sheikh: 200","chan":"stdout","logger":"task"}
{"timestamp":"2025-07-21T14:10:26.130038Z","level":"info","event":"API status code for Muḩāfaz̧at Shamāl Sīnā’: 200","chan":"stdout","logger":"task"}
{"timestamp":"2025-07-21T14:10:26.130433Z","level":"info","event":"API status code for Sarābiyūm: 200","chan":"stdout","logger":"task"}
{"timestamp":"2025-07-21T14:10:26.130836Z","level":"info","event":"API status code for Samannūd: 200","chan":"stdout","logger":"task"}
{"timestamp":"2025-07-21T14:10:26.131251Z","level":"info","event":"API status code for Samālūţ: 200","chan":"stdout","logger":"task"}
{"timestamp":"2025-07-21T14:10:26.132617Z","level":"info","event":"API status code for Sāḩil Ţahţā: 200","chan":"stdout","logger":"task"}
{"timestamp":"2025-07-21T14:10:26.132890Z","level":"info","event":"API status code for Rosetta: 200","chan":"stdout","logger":"task"}
{"timestamp":"2025-07-21T14:10:26.133198Z","level":"info","event":"API status code for Quwaysinā: 200","chan":"stdout","logger":"task"}
{"timestamp":"2025-07-21T14:10:26.133551Z","level":"info","event":"API status code for Quţūr: 200","chan":"stdout","logger":"task"}
{"timestamp":"2025-07-21T14:10:26.133826Z","level":"info","event":"Weather data extracted and loaded successfully. Inserted 1000 records.","chan":"stdout","logger":"task"}
{"timestamp":"2025-07-21T14:10:27.157292","level":"info","event":"Done. Returned value was: None","logger":"airflow.task.operators.airflow.providers.standard.operators.python.PythonOperator"}
{"timestamp":"2025-07-21T14:10:27.342340Z","level":"info","event":"Task instance in success state","chan":"stdout","logger":"task"}
{"timestamp":"2025-07-21T14:10:27.343116Z","level":"info","event":" Previous state of the Task instance: TaskInstanceState.RUNNING","chan":"stdout","logger":"task"}
{"timestamp":"2025-07-21T14:10:27.366782Z","level":"info","event":"Task operator:<Task(PythonOperator): extract_weather_data>","chan":"stdout","logger":"task"}
