{"timestamp":"2025-07-20T16:55:58.197400","level":"info","event":"DAG bundles loaded: dags-folder, example_dags","logger":"airflow.dag_processing.bundles.manager.DagBundlesManager"}
{"timestamp":"2025-07-20T16:55:58.197892","level":"info","event":"Filling up the DagBag from /opt/airflow/dags/weather_etl_dag.py","logger":"airflow.models.dagbag.DagBag"}
{"timestamp":"2025-07-20T16:55:58.232034Z","level":"info","event":"Task instance is in running state","chan":"stdout","logger":"task"}
{"timestamp":"2025-07-20T16:55:58.232757Z","level":"info","event":" Previous state of the Task instance: TaskInstanceState.QUEUED","chan":"stdout","logger":"task"}
{"timestamp":"2025-07-20T16:55:58.233060Z","level":"info","event":"Current task name:extract_weather_data","chan":"stdout","logger":"task"}
{"timestamp":"2025-07-20T16:55:58.233512Z","level":"info","event":"Dag name:weather_etl_pipeline","chan":"stdout","logger":"task"}
{"timestamp":"2025-07-20T16:55:59.751413Z","level":"error","event":"Traceback (most recent call last):","chan":"stderr","logger":"task"}
{"timestamp":"2025-07-20T16:55:59.751973Z","level":"error","event":"  File \"/opt/airflow/scripts/extract_weather.py\", line 4, in <module>","chan":"stderr","logger":"task"}
{"timestamp":"2025-07-20T16:55:59.754959Z","level":"error","event":"    from airflow.hooks.base import BaseHook","chan":"stderr","logger":"task"}
{"timestamp":"2025-07-20T16:55:59.755373Z","level":"error","event":"  File \"/home/airflow/.local/lib/python3.12/site-packages/airflow/__init__.py\", line 79, in <module>","chan":"stderr","logger":"task"}
{"timestamp":"2025-07-20T16:55:59.755708Z","level":"error","event":"    settings.initialize()","chan":"stderr","logger":"task"}
{"timestamp":"2025-07-20T16:55:59.756207Z","level":"error","event":"  File \"/home/airflow/.local/lib/python3.12/site-packages/airflow/settings.py\", line 618, in initialize","chan":"stderr","logger":"task"}
{"timestamp":"2025-07-20T16:55:59.756460Z","level":"error","event":"    configure_orm()","chan":"stderr","logger":"task"}
{"timestamp":"2025-07-20T16:55:59.756714Z","level":"error","event":"  File \"/home/airflow/.local/lib/python3.12/site-packages/airflow/settings.py\", line 359, in configure_orm","chan":"stderr","logger":"task"}
{"timestamp":"2025-07-20T16:55:59.757063Z","level":"error","event":"    engine = create_engine(SQL_ALCHEMY_CONN, connect_args=connect_args, **engine_args, future=True)","chan":"stderr","logger":"task"}
{"timestamp":"2025-07-20T16:55:59.757263Z","level":"error","event":"             ^^^^^^^^^^^^^^^^^^^^^^^^^^^^^^^^^^^^^^^^^^^^^^^^^^^^^^^^^^^^^^^^^^^^^^^^^^^^^^^^^^^^^^","chan":"stderr","logger":"task"}
{"timestamp":"2025-07-20T16:55:59.757455Z","level":"error","event":"  File \"<string>\", line 2, in create_engine","chan":"stderr","logger":"task"}
{"timestamp":"2025-07-20T16:55:59.757641Z","level":"error","event":"  File \"/home/airflow/.local/lib/python3.12/site-packages/sqlalchemy/util/deprecations.py\", line 375, in warned","chan":"stderr","logger":"task"}
{"timestamp":"2025-07-20T16:55:59.757792Z","level":"error","event":"    return fn(*args, **kwargs)","chan":"stderr","logger":"task"}
{"timestamp":"2025-07-20T16:55:59.757987Z","level":"error","event":"           ^^^^^^^^^^^^^^^^^^^","chan":"stderr","logger":"task"}
{"timestamp":"2025-07-20T16:55:59.758172Z","level":"error","event":"  File \"/home/airflow/.local/lib/python3.12/site-packages/sqlalchemy/engine/create.py\", line 514, in create_engine","chan":"stderr","logger":"task"}
{"timestamp":"2025-07-20T16:55:59.758405Z","level":"error","event":"    u = _url.make_url(url)","chan":"stderr","logger":"task"}
{"timestamp":"2025-07-20T16:55:59.758578Z","level":"error","event":"        ^^^^^^^^^^^^^^^^^^","chan":"stderr","logger":"task"}
{"timestamp":"2025-07-20T16:55:59.758716Z","level":"error","event":"  File \"/home/airflow/.local/lib/python3.12/site-packages/sqlalchemy/engine/url.py\", line 738, in make_url","chan":"stderr","logger":"task"}
{"timestamp":"2025-07-20T16:55:59.758860Z","level":"error","event":"    return _parse_url(name_or_url)","chan":"stderr","logger":"task"}
{"timestamp":"2025-07-20T16:55:59.759040Z","level":"error","event":"           ^^^^^^^^^^^^^^^^^^^^^^^","chan":"stderr","logger":"task"}
{"timestamp":"2025-07-20T16:55:59.759181Z","level":"error","event":"  File \"/home/airflow/.local/lib/python3.12/site-packages/sqlalchemy/engine/url.py\", line 799, in _parse_url","chan":"stderr","logger":"task"}
{"timestamp":"2025-07-20T16:55:59.759320Z","level":"error","event":"    raise exc.ArgumentError(","chan":"stderr","logger":"task"}
{"timestamp":"2025-07-20T16:55:59.759456Z","level":"error","event":"sqlalchemy.exc.ArgumentError: Could not parse SQLAlchemy URL from string 'airflow-db-not-allowed:///'","chan":"stderr","logger":"task"}
{"timestamp":"2025-07-20T16:55:59.966338","level":"error","event":"Task failed with exception","logger":"task","error_detail":[{"exc_type":"CalledProcessError","exc_value":"Command '['/home/airflow/.local/bin/python', '/opt/airflow/scripts/extract_weather.py']' returned non-zero exit status 1.","exc_notes":[],"syntax_error":null,"is_cause":false,"frames":[{"filename":"/home/airflow/.local/lib/python3.12/site-packages/airflow/sdk/execution_time/task_runner.py","lineno":877,"name":"run"},{"filename":"/home/airflow/.local/lib/python3.12/site-packages/airflow/sdk/execution_time/task_runner.py","lineno":1164,"name":"_execute_task"},{"filename":"/home/airflow/.local/lib/python3.12/site-packages/airflow/sdk/bases/operator.py","lineno":397,"name":"wrapper"},{"filename":"/home/airflow/.local/lib/python3.12/site-packages/airflow/providers/standard/operators/python.py","lineno":217,"name":"execute"},{"filename":"/home/airflow/.local/lib/python3.12/site-packages/airflow/providers/standard/operators/python.py","lineno":240,"name":"execute_callable"},{"filename":"/home/airflow/.local/lib/python3.12/site-packages/airflow/sdk/execution_time/callback_runner.py","lineno":81,"name":"run"},{"filename":"/opt/airflow/dags/weather_etl_dag.py","lineno":20,"name":"run_extract_script"},{"filename":"/usr/local/lib/python3.12/subprocess.py","lineno":571,"name":"run"}],"is_group":false,"exceptions":[]}]}
{"timestamp":"2025-07-20T16:55:59.967700Z","level":"info","event":"Task instance in failure state","chan":"stdout","logger":"task"}
{"timestamp":"2025-07-20T16:55:59.968187Z","level":"info","event":"Task start","chan":"stdout","logger":"task"}
{"timestamp":"2025-07-20T16:55:59.968406Z","level":"info","event":"Task:<Task(PythonOperator): extract_weather_data>","chan":"stdout","logger":"task"}
{"timestamp":"2025-07-20T16:55:59.968564Z","level":"info","event":"Failure caused by Command '['/home/airflow/.local/bin/python', '/opt/airflow/scripts/extract_weather.py']' returned non-zero exit status 1.","chan":"stdout","logger":"task"}
